<?xml version="1.0" encoding="UTF-8"?>
<!-- Generated by org.testng.reporters.JUnitReportReporter -->
<testsuite hostname="LAPTOP-CGUJBJB4" failures="0" tests="1" name="HeadLessBrowserTesting.HeadlessBrowserDemo" time="7.937" errors="0" timestamp="2024-02-12T23:14:19 IST" skipped="0">
  <testcase classname="HeadLessBrowserTesting.HeadlessBrowserDemo" name="googlesearch" time="7.937">
    <system-out>
      <![CDATA[Browser launched
URl launched
keyword entered]]>
    </system-out>
  </testcase> <!-- googlesearch -->
  <system-out>
    <![CDATA[Browser launched
URl launched
keyword entered]]>
  </system-out>
</testsuite> <!-- HeadLessBrowserTesting.HeadlessBrowserDemo -->
